<?xml version="1.0" encoding="UTF-8"?>
<!-- Generated by org.testng.reporters.JUnitReportReporter -->
<testsuite hostname="DESKTOP-HN9J744" failures="0" tests="3" name="swaplab.homelab" time="13.219" errors="0" timestamp="2023-10-24T13:01:06 EET" skipped="0">
  <testcase classname="swaplab.homelab" name="LoginWithProblemUser" time="3.354"/>
  <system-out/>
  <testcase classname="swaplab.homelab" name="LoginWithStandardUSer" time="2.339"/>
  <system-out/>
  <testcase classname="swaplab.homelab" name="LoginWithPerformanceUser" time="7.526"/>
  <system-out/>
</testsuite> <!-- swaplab.homelab -->
